\BOOKMARK [0][-]{chapter.1}{INTRODUCTION}{}% 1
\BOOKMARK [1][-]{section.1.1}{Purpose}{chapter.1}% 2
\BOOKMARK [1][-]{section.1.2}{Scope}{chapter.1}% 3
\BOOKMARK [1][-]{section.1.3}{Overview}{chapter.1}% 4
\BOOKMARK [1][-]{section.1.4}{Significance}{chapter.1}% 5
\BOOKMARK [1][-]{section.1.5}{References}{chapter.1}% 6
\BOOKMARK [1][-]{section.1.6}{Definitions\040and\040Acronyms}{chapter.1}% 7
\BOOKMARK [0][-]{chapter.2}{SYSTEM\040OVERVIEW}{}% 8
\BOOKMARK [0][-]{chapter.3}{SYSTEM\040ARCHITECTURE}{}% 9
\BOOKMARK [1][-]{section.3.1}{Architectural\040Design}{chapter.3}% 10
\BOOKMARK [1][-]{section.3.2}{Decomposition\040Description}{chapter.3}% 11
\BOOKMARK [1][-]{section.3.3}{Design\040Rationale}{chapter.3}% 12
\BOOKMARK [0][-]{chapter.4}{DATA\040DESIGN}{}% 13
\BOOKMARK [1][-]{section.4.1}{Data\040Description}{chapter.4}% 14
\BOOKMARK [1][-]{section.4.2}{Data\040Dictionary}{chapter.4}% 15
\BOOKMARK [0][-]{chapter.5}{COMPONENT\040DESIGN}{}% 16
\BOOKMARK [0][-]{chapter.6}{HUMAN\040INTERFACE\040DESIGN}{}% 17
\BOOKMARK [1][-]{section.6.1}{Overview\040of\040the\040User\040Interface}{chapter.6}% 18
\BOOKMARK [1][-]{section.6.2}{Screen\040Images}{chapter.6}% 19
\BOOKMARK [1][-]{section.6.3}{Screen\040Objects\040and\040Actions}{chapter.6}% 20
\BOOKMARK [0][-]{chapter.7}{REQUIREMENTS\040MATRIX}{}% 21
\BOOKMARK [0][-]{chapter.8}{APPENDICES}{}% 22
